TN:
SF:src/util.ts
FN:7,(anonymous_1)
FN:12,(anonymous_2)
FN:32,(anonymous_3)
FNF:3
FNH:3
FNDA:2,(anonymous_1)
FNDA:10,(anonymous_2)
FNDA:2,(anonymous_3)
DA:1,2
DA:7,2
DA:8,2
DA:9,0
DA:12,2
DA:14,10
DA:15,4
DA:18,6
DA:19,2
DA:22,4
DA:25,2
DA:32,2
DA:33,2
DA:34,1
DA:39,2
DA:40,1
LF:16
LH:15
BRDA:8,0,0,0
BRDA:8,0,1,2
BRDA:14,1,0,4
BRDA:14,1,1,6
BRDA:18,2,0,2
BRDA:18,2,1,4
BRDA:22,3,0,3
BRDA:22,3,1,1
BRDA:33,4,0,1
BRDA:33,4,1,1
BRDA:39,5,0,1
BRDA:39,5,1,1
BRF:12
BRH:11
end_of_record
TN:
SF:src/store/news.ts
FN:23,(anonymous_1)
FN:27,(anonymous_2)
FNF:2
FNH:2
FNDA:1,(anonymous_1)
FNDA:1,(anonymous_2)
DA:4,1
DA:6,1
DA:18,1
DA:23,1
DA:24,1
DA:28,1
LF:6
LH:6
BRF:0
BRH:0
end_of_record
